<?xml version="1.0" encoding="UTF-8"?>
<!-- Generated by org.testng.reporters.JUnitReportReporter -->
<testsuite skipped="1" hostname="MAMATHA-TI11573" name="com.automation.cucumber_test.Runner" tests="1" failures="0" timestamp="14 Feb 2020 13:04:51 GMT" time="39.254" errors="0">
  <testcase name="runScenario" time="39.254" classname="com.automation.cucumber_test.Runner">
    <skipped/>
  </testcase> <!-- runScenario -->
</testsuite> <!-- com.automation.cucumber_test.Runner -->
